
=== Wed Apr  1 00:02:52 2026

Packages were changed.
Update Mode: mergeDefaultDependencies

The following packages were added:
  com.unity.modules.adaptiveperformance@1.0.0
  com.unity.modules.ai@1.0.0
  com.unity.modules.androidjni@1.0.0
  com.unity.modules.animation@1.0.0
  com.unity.modules.assetbundle@1.0.0
  com.unity.modules.audio@1.0.0
  com.unity.modules.cloth@1.0.0
  com.unity.modules.director@1.0.0
  com.unity.modules.imageconversion@1.0.0
  com.unity.modules.imgui@1.0.0
  com.unity.modules.jsonserialize@1.0.0
  com.unity.modules.particlesystem@1.0.0
  com.unity.modules.physics@1.0.0
  com.unity.modules.physics2d@1.0.0
  com.unity.modules.screencapture@1.0.0
  com.unity.modules.terrain@1.0.0
  com.unity.modules.terrainphysics@1.0.0
  com.unity.modules.tilemap@1.0.0
  com.unity.modules.ui@1.0.0
  com.unity.modules.uielements@1.0.0
  com.unity.modules.umbra@1.0.0
  com.unity.modules.unityanalytics@1.0.0
  com.unity.modules.unitywebrequest@1.0.0
  com.unity.modules.unitywebrequestassetbundle@1.0.0
  com.unity.modules.unitywebrequestaudio@1.0.0
  com.unity.modules.unitywebrequesttexture@1.0.0
  com.unity.modules.unitywebrequestwww@1.0.0
  com.unity.modules.vectorgraphics@1.0.0
  com.unity.modules.vehicles@1.0.0
  com.unity.modules.video@1.0.0
  com.unity.modules.vr@1.0.0
  com.unity.modules.wind@1.0.0
  com.unity.modules.xr@1.0.0
  com.unity.modules.accessibility@1.0.0
  com.unity.multiplayer.center@1.0.1
The following packages were updated:
  com.unity.collab-proxy from version 2.10.0 to 2.11.2
  com.unity.ide.visualstudio from version 2.0.25 to 2.0.26
  com.unity.inputsystem from version 1.14.2 to 1.17.0
  com.unity.render-pipelines.universal from version 17.0.4 to 17.3.0
  com.unity.timeline from version 1.8.9 to 1.8.10
  com.unity.visualscripting from version 1.9.7 to 1.9.9

=== Wed Apr  1 00:08:33 2026

Packages were changed.
Update Mode: resetToDefaultDependencies

The following packages were added:
  com.unity.modules.adaptiveperformance@1.0.0
  com.unity.modules.ai@1.0.0
  com.unity.modules.androidjni@1.0.0
  com.unity.modules.animation@1.0.0
  com.unity.modules.assetbundle@1.0.0
  com.unity.modules.audio@1.0.0
  com.unity.modules.cloth@1.0.0
  com.unity.modules.director@1.0.0
  com.unity.modules.imageconversion@1.0.0
  com.unity.modules.imgui@1.0.0
  com.unity.modules.jsonserialize@1.0.0
  com.unity.modules.particlesystem@1.0.0
  com.unity.modules.physics@1.0.0
  com.unity.modules.physics2d@1.0.0
  com.unity.modules.screencapture@1.0.0
  com.unity.modules.terrain@1.0.0
  com.unity.modules.terrainphysics@1.0.0
  com.unity.modules.tilemap@1.0.0
  com.unity.modules.ui@1.0.0
  com.unity.modules.uielements@1.0.0
  com.unity.modules.umbra@1.0.0
  com.unity.modules.unityanalytics@1.0.0
  com.unity.modules.unitywebrequest@1.0.0
  com.unity.modules.unitywebrequestassetbundle@1.0.0
  com.unity.modules.unitywebrequestaudio@1.0.0
  com.unity.modules.unitywebrequesttexture@1.0.0
  com.unity.modules.unitywebrequestwww@1.0.0
  com.unity.modules.vectorgraphics@1.0.0
  com.unity.modules.vehicles@1.0.0
  com.unity.modules.video@1.0.0
  com.unity.modules.vr@1.0.0
  com.unity.modules.wind@1.0.0
  com.unity.modules.xr@1.0.0
  com.unity.modules.accessibility@1.0.0
  com.unity.multiplayer.center@1.0.1

=== Sun Apr 19 21:43:59 2026

Packages were changed.
Update Mode: updateDependencies

The following packages were updated:
  com.unity.xr.interaction.toolkit from version 3.3.1 to 3.4.0

=== Thu May  7 12:26:05 2026

Packages were changed.
Update Mode: updateDependencies

The following packages were updated:
  com.unity.ai.navigation from version 2.0.9 to 2.0.12
  com.unity.burst from version 1.8.25 to 1.8.29
  com.unity.cinemachine from version 2.10.5 to 2.10.7
  com.unity.collab-proxy from version 2.10.2 to 2.12.4
  com.unity.collections from version 2.6.2 to 6.4.0
  com.unity.ide.rider from version 3.0.38 to 3.0.39
  com.unity.ide.visualstudio from version 2.0.25 to 2.0.27
  com.unity.inputsystem from version 1.16.0 to 1.19.0
  com.unity.render-pipelines.core from version 17.3.0 to 17.4.0
  com.unity.render-pipelines.universal from version 17.3.0 to 17.4.0
  com.unity.render-pipelines.universal-config from version 17.0.3 to 17.4.0
  com.unity.shadergraph from version 17.3.0 to 17.4.0
  com.unity.test-framework.performance from version 3.2.0 to 3.4.0
  com.unity.timeline from version 1.8.9 to 1.8.12
  com.unity.visualscripting from version 1.9.9 to 1.9.11

=== Thu May  7 12:26:05 2026

Packages were changed.
Update Mode: mergeDefaultDependencies

The following packages were added:
  com.unity.ai.navigation@2.0.12
  com.unity.burst@1.8.29
  com.unity.cinemachine@2.10.7
  com.unity.collab-proxy@2.12.4
  com.unity.collections@6.4.0
  com.unity.ext.nunit@2.0.5
  com.unity.ide.rider@3.0.39
  com.unity.ide.visualstudio@2.0.27
  com.unity.inputsystem@1.19.0
  com.unity.mathematics@1.3.3
  com.unity.nuget.newtonsoft-json@3.2.2
  com.unity.render-pipelines.core@17.4.0
  com.unity.render-pipelines.universal@17.4.0
  com.unity.render-pipelines.universal-config@17.4.0
  com.unity.searcher@4.9.4
  com.unity.shadergraph@17.4.0
  com.unity.test-framework.performance@3.4.0
  com.unity.timeline@1.8.12
  com.unity.visualscripting@1.9.11
  com.unity.modules.hierarchycore@1.0.0
  com.unity.modules.subsystems@1.0.0
